2021-02-07 17:29:14 0 [Note] InnoDB: The first innodb_system data file 'ibdata1' did not exist. A new tablespace will be created!
2021-02-07 17:29:14 0 [Note] InnoDB: Mutexes and rw_locks use GCC atomic builtins
2021-02-07 17:29:14 0 [Note] InnoDB: Uses event mutexes
2021-02-07 17:29:14 0 [Note] InnoDB: Compressed tables use zlib 1.2.11
2021-02-07 17:29:14 0 [Note] InnoDB: Number of pools: 1
2021-02-07 17:29:14 0 [Note] InnoDB: Using SSE2 crc32 instructions
2021-02-07 17:29:14 0 [Note] InnoDB: Initializing buffer pool, total size = 16M, instances = 1, chunk size = 16M
2021-02-07 17:29:14 0 [Note] InnoDB: Completed initialization of buffer pool
2021-02-07 17:29:14 0 [Note] InnoDB: If the mysqld execution user is authorized, page cleaner thread priority can be changed. See the man page of setpriority().
2021-02-07 17:29:14 0 [Note] InnoDB: Setting file '/opt/lampp/var/mysql/ibdata1' size to 10 MB. Physically writing the file full; Please wait ...
2021-02-07 17:29:14 0 [Note] InnoDB: File '/opt/lampp/var/mysql/ibdata1' size is now 10 MB.
2021-02-07 17:29:14 0 [Note] InnoDB: Setting log file /opt/lampp/var/mysql/ib_logfile101 size to 5242880 bytes
2021-02-07 17:29:14 0 [Note] InnoDB: Setting log file /opt/lampp/var/mysql/ib_logfile1 size to 5242880 bytes
2021-02-07 17:29:14 0 [Note] InnoDB: Renaming log file /opt/lampp/var/mysql/ib_logfile101 to /opt/lampp/var/mysql/ib_logfile0
2021-02-07 17:29:14 0 [Note] InnoDB: New log files created, LSN=11451
2021-02-07 17:29:14 0 [Note] InnoDB: Doublewrite buffer not found: creating new
2021-02-07 17:29:14 0 [Note] InnoDB: Doublewrite buffer created
2021-02-07 17:29:14 0 [Note] InnoDB: 128 out of 128 rollback segments are active.
2021-02-07 17:29:14 0 [Note] InnoDB: Creating foreign key constraint system tables.
2021-02-07 17:29:14 0 [Note] InnoDB: Creating tablespace and datafile system tables.
2021-02-07 17:29:14 0 [Note] InnoDB: Creating sys_virtual system tables.
2021-02-07 17:29:14 0 [Note] InnoDB: Creating shared tablespace for temporary tables
2021-02-07 17:29:14 0 [Note] InnoDB: Setting file '/opt/lampp/var/mysql/ibtmp1' size to 12 MB. Physically writing the file full; Please wait ...
2021-02-07 17:29:14 0 [Note] InnoDB: File '/opt/lampp/var/mysql/ibtmp1' size is now 12 MB.
2021-02-07 17:29:14 0 [Note] InnoDB: 10.4.17 started; log sequence number 0; transaction id 7
2021-02-07 17:29:14 0 [Note] Plugin 'FEEDBACK' is disabled.
2021-02-07 17:29:14 0 [ERROR] Could not open mysql.plugin table. Some plugins may be not loaded
2021-02-07 17:29:14 0 [ERROR] Can't open and lock privilege tables: Table 'mysql.servers' doesn't exist
2021-02-07 17:29:14 0 [Note] Server socket created on IP: '::'.
2021-02-07 17:29:14 0 [ERROR] Fatal error: Can't open and lock privilege tables: Table 'mysql.db' doesn't exist
2021-02-07 17:29:14 0 [ERROR] Aborting
2021-02-07 17:29:28 0 [Note] InnoDB: Mutexes and rw_locks use GCC atomic builtins
2021-02-07 17:29:28 0 [Note] InnoDB: Uses event mutexes
2021-02-07 17:29:28 0 [Note] InnoDB: Compressed tables use zlib 1.2.11
2021-02-07 17:29:28 0 [Note] InnoDB: Number of pools: 1
2021-02-07 17:29:28 0 [Note] InnoDB: Using SSE2 crc32 instructions
2021-02-07 17:29:28 0 [Note] InnoDB: Initializing buffer pool, total size = 16M, instances = 1, chunk size = 16M
2021-02-07 17:29:28 0 [Note] InnoDB: Completed initialization of buffer pool
2021-02-07 17:29:28 0 [Note] InnoDB: If the mysqld execution user is authorized, page cleaner thread priority can be changed. See the man page of setpriority().
2021-02-07 17:29:28 0 [Note] InnoDB: 128 out of 128 rollback segments are active.
2021-02-07 17:29:28 0 [Note] InnoDB: Creating shared tablespace for temporary tables
2021-02-07 17:29:28 0 [Note] InnoDB: Setting file '/opt/lampp/var/mysql/ibtmp1' size to 12 MB. Physically writing the file full; Please wait ...
2021-02-07 17:29:28 0 [Note] InnoDB: File '/opt/lampp/var/mysql/ibtmp1' size is now 12 MB.
2021-02-07 17:29:28 0 [Note] InnoDB: Waiting for purge to start
2021-02-07 17:29:28 0 [Note] InnoDB: 10.4.17 started; log sequence number 47054; transaction id 8
2021-02-07 17:29:28 0 [Note] InnoDB: Loading buffer pool(s) from /opt/lampp/var/mysql/ib_buffer_pool
2021-02-07 17:29:28 0 [Note] Plugin 'FEEDBACK' is disabled.
2021-02-07 17:29:28 0 [Note] InnoDB: Buffer pool(s) load completed at 210207 17:29:28
2021-02-07 17:29:28 0 [ERROR] Could not open mysql.plugin table. Some plugins may be not loaded
2021-02-07 17:29:28 0 [ERROR] Can't open and lock privilege tables: Table 'mysql.servers' doesn't exist
2021-02-07 17:29:28 0 [Note] Server socket created on IP: '::'.
2021-02-07 17:29:28 0 [ERROR] Fatal error: Can't open and lock privilege tables: Table 'mysql.db' doesn't exist
2021-02-07 17:29:28 0 [ERROR] Aborting
2021-02-07 17:29:30 0 [Note] InnoDB: Mutexes and rw_locks use GCC atomic builtins
2021-02-07 17:29:30 0 [Note] InnoDB: Uses event mutexes
2021-02-07 17:29:30 0 [Note] InnoDB: Compressed tables use zlib 1.2.11
2021-02-07 17:29:30 0 [Note] InnoDB: Number of pools: 1
2021-02-07 17:29:30 0 [Note] InnoDB: Using SSE2 crc32 instructions
2021-02-07 17:29:30 0 [Note] InnoDB: Initializing buffer pool, total size = 16M, instances = 1, chunk size = 16M
2021-02-07 17:29:30 0 [Note] InnoDB: Completed initialization of buffer pool
2021-02-07 17:29:30 0 [Note] InnoDB: If the mysqld execution user is authorized, page cleaner thread priority can be changed. See the man page of setpriority().
2021-02-07 17:29:30 0 [Note] InnoDB: 128 out of 128 rollback segments are active.
2021-02-07 17:29:30 0 [Note] InnoDB: Creating shared tablespace for temporary tables
2021-02-07 17:29:30 0 [Note] InnoDB: Setting file '/opt/lampp/var/mysql/ibtmp1' size to 12 MB. Physically writing the file full; Please wait ...
2021-02-07 17:29:30 0 [Note] InnoDB: File '/opt/lampp/var/mysql/ibtmp1' size is now 12 MB.
2021-02-07 17:29:30 0 [Note] InnoDB: Waiting for purge to start
2021-02-07 17:29:30 0 [Note] InnoDB: 10.4.17 started; log sequence number 47063; transaction id 8
2021-02-07 17:29:30 0 [Note] InnoDB: Loading buffer pool(s) from /opt/lampp/var/mysql/ib_buffer_pool
2021-02-07 17:29:30 0 [Note] Plugin 'FEEDBACK' is disabled.
2021-02-07 17:29:30 0 [Note] InnoDB: Buffer pool(s) load completed at 210207 17:29:30
2021-02-07 17:29:30 0 [ERROR] Could not open mysql.plugin table. Some plugins may be not loaded
2021-02-07 17:29:30 0 [ERROR] Can't open and lock privilege tables: Table 'mysql.servers' doesn't exist
2021-02-07 17:29:30 0 [Note] Server socket created on IP: '::'.
2021-02-07 17:29:30 0 [ERROR] Fatal error: Can't open and lock privilege tables: Table 'mysql.db' doesn't exist
2021-02-07 17:29:30 0 [ERROR] Aborting
